2016-07-21 06:45:50 INFOThis is an INFO message.
2016-07-21 06:45:50 ERRORThis is an ERROR message.
2016-07-21 06:46:21 INFO: This is an INFO message.
2016-07-21 06:46:21 ERROR: This is an ERROR message.
2016-07-21 06:53:05 INFO: This is an INFO message.
2016-07-21 06:53:05 ERROR: This is an ERROR message.
2016-07-21 07:00:05 INFO: This is an INFO message.
2016-07-21 07:00:05 ERROR: This is an ERROR message.
  INFO: This is an INFO message.
  ERROR: This is an ERROR message.
  INFO: This is an INFO message.
  ERROR: This is an ERROR message.
2016-07-21 09:22:50 INFO: This is an INFO message.
2016-07-21 09:22:50 ERROR: This is an ERROR message.
2016-07-21 09:33:08 INFO: This is an INFO message.
2016-07-21 09:33:08 ERROR: This is an ERROR message.
2016-07-21 09:33:18 INFO: This is an INFO message.
2016-07-21 09:33:18 ERROR: This is an ERROR message.
2016-07-21 09:33:53 INFO: This is an INFO message.
2016-07-21 09:33:53 ERROR: This is an ERROR message.
2016-07-21 09:33:56 INFO: This is an INFO message.
2016-07-21 09:33:56 ERROR: This is an ERROR message.
2016-07-21 09:33:57 INFO: This is an INFO message.
2016-07-21 09:33:57 ERROR: This is an ERROR message.
2016-07-21 09:33:58 INFO: This is an INFO message.
2016-07-21 09:33:58 ERROR: This is an ERROR message.
2016-07-21 09:33:58 INFO: This is an INFO message.
2016-07-21 09:33:58 ERROR: This is an ERROR message.
2016-07-21 09:34:06 INFO: This is an INFO message.
2016-07-21 09:34:06 ERROR: This is an ERROR message.
2016-07-21 09:34:06 INFO: This is an INFO message.
2016-07-21 09:34:06 ERROR: This is an ERROR message.
2016-07-21 09:34:06 INFO: This is an INFO message.
2016-07-21 09:34:06 ERROR: This is an ERROR message.
2016-07-21 09:34:07 INFO: This is an INFO message.
2016-07-21 09:34:07 ERROR: This is an ERROR message.
2016-07-21 09:34:07 INFO: This is an INFO message.
2016-07-21 09:34:07 ERROR: This is an ERROR message.
2016-07-21 09:34:07 INFO: This is an INFO message.
2016-07-21 09:34:07 ERROR: This is an ERROR message.
2016-07-21 09:34:09 INFO: This is an INFO message.
2016-07-21 09:34:09 ERROR: This is an ERROR message.
